GAS LISTING C:\Users\ADMINI~1\AppData\Local\Temp/cckjZ8FL.s 			page 1


   1               		.file	"udelay.c"
   2               	__SREG__ = 0x3f
   3               	__SP_H__ = 0x3e
   4               	__SP_L__ = 0x3d
   5               	__CCP__  = 0x34
   6               	__tmp_reg__ = 0
   7               	__zero_reg__ = 1
   8               		.section	.debug_abbrev,"",@progbits
   9               	.Ldebug_abbrev0:
  10               		.section	.debug_info,"",@progbits
  11               	.Ldebug_info0:
  12               		.section	.debug_line,"",@progbits
  13               	.Ldebug_line0:
  14               		.text
  15               	.Ltext0:
  16               	.global	_delay_us_m
  17               		.type	_delay_us_m, @function
  18               	_delay_us_m:
  19               	.LFB2:
  20               	.LM1:
  21               	.LVL0:
  22 0000 0F93      		push r16
  23 0002 1F93      		push r17
  24               	/* prologue: function */
  25               	/* frame size = 0 */
  26               	.LM2:
  27 0004 0091 0000 		lds r16,tmp
  28 0008 1091 0000 		lds r17,(tmp)+1
  29 000c 0396      		adiw r24,3
  30               	.LVL1:
  31 000e 65E0      		ldi r22,lo8(5)
  32 0010 70E0      		ldi r23,hi8(5)
  33 0012 0E94 0000 		call __udivmodhi4
  34 0016 80E0      		ldi r24,lo8(0)
  35 0018 90E0      		ldi r25,hi8(0)
  36 001a 2CE0      		ldi r18,lo8(12)
  37 001c 30E0      		ldi r19,hi8(12)
  38 001e 40E0      		ldi r20,hlo8(12)
  39 0020 50E0      		ldi r21,hhi8(12)
  40 0022 0E94 0000 		call __mulsi3
  41 0026 060F      		add r16,r22
  42 0028 171F      		adc r17,r23
  43 002a 1093 0000 		sts (tmp)+1,r17
  44 002e 0093 0000 		sts tmp,r16
  45               	/* epilogue start */
  46               	.LM3:
  47 0032 1F91      		pop r17
  48 0034 0F91      		pop r16
  49 0036 0895      		ret
  50               	.LFE2:
  51               		.size	_delay_us_m, .-_delay_us_m
  52               		.lcomm tmp,2
  53               		.section	.debug_frame,"",@progbits
  54               	.Lframe0:
  55 0000 0C00 0000 		.long	.LECIE0-.LSCIE0
  56               	.LSCIE0:
  57 0004 FFFF FFFF 		.long	0xffffffff
GAS LISTING C:\Users\ADMINI~1\AppData\Local\Temp/cckjZ8FL.s 			page 2


  58 0008 01        		.byte	0x1
  59 0009 00        		.string	""
  60 000a 01        		.uleb128 0x1
  61 000b 7F        		.sleb128 -1
  62 000c 24        		.byte	0x24
  63 000d 0C        		.byte	0xc
  64 000e 20        		.uleb128 0x20
  65 000f 00        		.uleb128 0x0
  66               		.p2align	2
  67               	.LECIE0:
  68               	.LSFDE0:
  69 0010 0C00 0000 		.long	.LEFDE0-.LASFDE0
  70               	.LASFDE0:
  71 0014 0000 0000 		.long	.Lframe0
  72 0018 0000 0000 		.long	.LFB2
  73 001c 3800 0000 		.long	.LFE2-.LFB2
  74               		.p2align	2
  75               	.LEFDE0:
  76               		.text
  77               	.Letext0:
  78               		.section	.debug_loc,"",@progbits
  79               	.Ldebug_loc0:
  80               	.LLST1:
  81 0000 0000 0000 		.long	.LVL0-.Ltext0
  82 0004 0E00 0000 		.long	.LVL1-.Ltext0
  83 0008 0600      		.word	0x6
  84 000a 68        		.byte	0x68
  85 000b 93        		.byte	0x93
  86 000c 01        		.uleb128 0x1
  87 000d 69        		.byte	0x69
  88 000e 93        		.byte	0x93
  89 000f 01        		.uleb128 0x1
  90 0010 0000 0000 		.long	0x0
  91 0014 0000 0000 		.long	0x0
  92               		.section	.debug_info
  93 0000 BC00 0000 		.long	0xbc
  94 0004 0200      		.word	0x2
  95 0006 0000 0000 		.long	.Ldebug_abbrev0
  96 000a 04        		.byte	0x4
  97 000b 01        		.uleb128 0x1
  98 000c 0000 0000 		.long	.LASF11
  99 0010 01        		.byte	0x1
 100 0011 0000 0000 		.long	.LASF12
 101 0015 0000 0000 		.long	.LASF13
 102 0019 0000 0000 		.long	.Ltext0
 103 001d 0000 0000 		.long	.Letext0
 104 0021 0000 0000 		.long	.Ldebug_line0
 105 0025 02        		.uleb128 0x2
 106 0026 01        		.byte	0x1
 107 0027 08        		.byte	0x8
 108 0028 0000 0000 		.long	.LASF0
 109 002c 02        		.uleb128 0x2
 110 002d 01        		.byte	0x1
 111 002e 06        		.byte	0x6
 112 002f 0000 0000 		.long	.LASF1
 113 0033 02        		.uleb128 0x2
 114 0034 02        		.byte	0x2
GAS LISTING C:\Users\ADMINI~1\AppData\Local\Temp/cckjZ8FL.s 			page 3


 115 0035 07        		.byte	0x7
 116 0036 0000 0000 		.long	.LASF2
 117 003a 02        		.uleb128 0x2
 118 003b 02        		.byte	0x2
 119 003c 05        		.byte	0x5
 120 003d 0000 0000 		.long	.LASF3
 121 0041 02        		.uleb128 0x2
 122 0042 04        		.byte	0x4
 123 0043 07        		.byte	0x7
 124 0044 0000 0000 		.long	.LASF4
 125 0048 02        		.uleb128 0x2
 126 0049 04        		.byte	0x4
 127 004a 05        		.byte	0x5
 128 004b 0000 0000 		.long	.LASF5
 129 004f 02        		.uleb128 0x2
 130 0050 08        		.byte	0x8
 131 0051 07        		.byte	0x7
 132 0052 0000 0000 		.long	.LASF6
 133 0056 02        		.uleb128 0x2
 134 0057 08        		.byte	0x8
 135 0058 05        		.byte	0x5
 136 0059 0000 0000 		.long	.LASF7
 137 005d 02        		.uleb128 0x2
 138 005e 02        		.byte	0x2
 139 005f 07        		.byte	0x7
 140 0060 0000 0000 		.long	.LASF8
 141 0064 02        		.uleb128 0x2
 142 0065 01        		.byte	0x1
 143 0066 06        		.byte	0x6
 144 0067 0000 0000 		.long	.LASF9
 145 006b 03        		.uleb128 0x3
 146 006c 02        		.byte	0x2
 147 006d 05        		.byte	0x5
 148 006e 696E 7400 		.string	"int"
 149 0072 04        		.uleb128 0x4
 150 0073 01        		.byte	0x1
 151 0074 0000 0000 		.long	.LASF14
 152 0078 01        		.byte	0x1
 153 0079 05        		.byte	0x5
 154 007a 01        		.byte	0x1
 155 007b 0000 0000 		.long	.LFB2
 156 007f 0000 0000 		.long	.LFE2
 157 0083 02        		.byte	0x2
 158 0084 90        		.byte	0x90
 159 0085 20        		.uleb128 0x20
 160 0086 AE00 0000 		.long	0xae
 161 008a 05        		.uleb128 0x5
 162 008b 0000 0000 		.long	.LASF15
 163 008f 01        		.byte	0x1
 164 0090 05        		.byte	0x5
 165 0091 3300 0000 		.long	0x33
 166 0095 0000 0000 		.long	.LLST1
 167 0099 06        		.uleb128 0x6
 168 009a 0000 0000 		.long	.LASF10
 169 009e 01        		.byte	0x1
 170 009f 06        		.byte	0x6
 171 00a0 3300 0000 		.long	0x33
GAS LISTING C:\Users\ADMINI~1\AppData\Local\Temp/cckjZ8FL.s 			page 4


 172 00a4 07        		.uleb128 0x7
 173 00a5 6900      		.string	"i"
 174 00a7 01        		.byte	0x1
 175 00a8 07        		.byte	0x7
 176 00a9 3300 0000 		.long	0x33
 177 00ad 00        		.byte	0x0
 178 00ae 08        		.uleb128 0x8
 179 00af 746D 7000 		.string	"tmp"
 180 00b3 01        		.byte	0x1
 181 00b4 04        		.byte	0x4
 182 00b5 3A00 0000 		.long	0x3a
 183 00b9 05        		.byte	0x5
 184 00ba 03        		.byte	0x3
 185 00bb 0000 0000 		.long	tmp
 186 00bf 00        		.byte	0x0
 187               		.section	.debug_abbrev
 188 0000 01        		.uleb128 0x1
 189 0001 11        		.uleb128 0x11
 190 0002 01        		.byte	0x1
 191 0003 25        		.uleb128 0x25
 192 0004 0E        		.uleb128 0xe
 193 0005 13        		.uleb128 0x13
 194 0006 0B        		.uleb128 0xb
 195 0007 03        		.uleb128 0x3
 196 0008 0E        		.uleb128 0xe
 197 0009 1B        		.uleb128 0x1b
 198 000a 0E        		.uleb128 0xe
 199 000b 11        		.uleb128 0x11
 200 000c 01        		.uleb128 0x1
 201 000d 12        		.uleb128 0x12
 202 000e 01        		.uleb128 0x1
 203 000f 10        		.uleb128 0x10
 204 0010 06        		.uleb128 0x6
 205 0011 00        		.byte	0x0
 206 0012 00        		.byte	0x0
 207 0013 02        		.uleb128 0x2
 208 0014 24        		.uleb128 0x24
 209 0015 00        		.byte	0x0
 210 0016 0B        		.uleb128 0xb
 211 0017 0B        		.uleb128 0xb
 212 0018 3E        		.uleb128 0x3e
 213 0019 0B        		.uleb128 0xb
 214 001a 03        		.uleb128 0x3
 215 001b 0E        		.uleb128 0xe
 216 001c 00        		.byte	0x0
 217 001d 00        		.byte	0x0
 218 001e 03        		.uleb128 0x3
 219 001f 24        		.uleb128 0x24
 220 0020 00        		.byte	0x0
 221 0021 0B        		.uleb128 0xb
 222 0022 0B        		.uleb128 0xb
 223 0023 3E        		.uleb128 0x3e
 224 0024 0B        		.uleb128 0xb
 225 0025 03        		.uleb128 0x3
 226 0026 08        		.uleb128 0x8
 227 0027 00        		.byte	0x0
 228 0028 00        		.byte	0x0
GAS LISTING C:\Users\ADMINI~1\AppData\Local\Temp/cckjZ8FL.s 			page 5


 229 0029 04        		.uleb128 0x4
 230 002a 2E        		.uleb128 0x2e
 231 002b 01        		.byte	0x1
 232 002c 3F        		.uleb128 0x3f
 233 002d 0C        		.uleb128 0xc
 234 002e 03        		.uleb128 0x3
 235 002f 0E        		.uleb128 0xe
 236 0030 3A        		.uleb128 0x3a
 237 0031 0B        		.uleb128 0xb
 238 0032 3B        		.uleb128 0x3b
 239 0033 0B        		.uleb128 0xb
 240 0034 27        		.uleb128 0x27
 241 0035 0C        		.uleb128 0xc
 242 0036 11        		.uleb128 0x11
 243 0037 01        		.uleb128 0x1
 244 0038 12        		.uleb128 0x12
 245 0039 01        		.uleb128 0x1
 246 003a 40        		.uleb128 0x40
 247 003b 0A        		.uleb128 0xa
 248 003c 01        		.uleb128 0x1
 249 003d 13        		.uleb128 0x13
 250 003e 00        		.byte	0x0
 251 003f 00        		.byte	0x0
 252 0040 05        		.uleb128 0x5
 253 0041 05        		.uleb128 0x5
 254 0042 00        		.byte	0x0
 255 0043 03        		.uleb128 0x3
 256 0044 0E        		.uleb128 0xe
 257 0045 3A        		.uleb128 0x3a
 258 0046 0B        		.uleb128 0xb
 259 0047 3B        		.uleb128 0x3b
 260 0048 0B        		.uleb128 0xb
 261 0049 49        		.uleb128 0x49
 262 004a 13        		.uleb128 0x13
 263 004b 02        		.uleb128 0x2
 264 004c 06        		.uleb128 0x6
 265 004d 00        		.byte	0x0
 266 004e 00        		.byte	0x0
 267 004f 06        		.uleb128 0x6
 268 0050 34        		.uleb128 0x34
 269 0051 00        		.byte	0x0
 270 0052 03        		.uleb128 0x3
 271 0053 0E        		.uleb128 0xe
 272 0054 3A        		.uleb128 0x3a
 273 0055 0B        		.uleb128 0xb
 274 0056 3B        		.uleb128 0x3b
 275 0057 0B        		.uleb128 0xb
 276 0058 49        		.uleb128 0x49
 277 0059 13        		.uleb128 0x13
 278 005a 00        		.byte	0x0
 279 005b 00        		.byte	0x0
 280 005c 07        		.uleb128 0x7
 281 005d 34        		.uleb128 0x34
 282 005e 00        		.byte	0x0
 283 005f 03        		.uleb128 0x3
 284 0060 08        		.uleb128 0x8
 285 0061 3A        		.uleb128 0x3a
GAS LISTING C:\Users\ADMINI~1\AppData\Local\Temp/cckjZ8FL.s 			page 6


 286 0062 0B        		.uleb128 0xb
 287 0063 3B        		.uleb128 0x3b
 288 0064 0B        		.uleb128 0xb
 289 0065 49        		.uleb128 0x49
 290 0066 13        		.uleb128 0x13
 291 0067 00        		.byte	0x0
 292 0068 00        		.byte	0x0
 293 0069 08        		.uleb128 0x8
 294 006a 34        		.uleb128 0x34
 295 006b 00        		.byte	0x0
 296 006c 03        		.uleb128 0x3
 297 006d 08        		.uleb128 0x8
 298 006e 3A        		.uleb128 0x3a
 299 006f 0B        		.uleb128 0xb
 300 0070 3B        		.uleb128 0x3b
 301 0071 0B        		.uleb128 0xb
 302 0072 49        		.uleb128 0x49
 303 0073 13        		.uleb128 0x13
 304 0074 02        		.uleb128 0x2
 305 0075 0A        		.uleb128 0xa
 306 0076 00        		.byte	0x0
 307 0077 00        		.byte	0x0
 308 0078 00        		.byte	0x0
 309               		.section	.debug_pubnames,"",@progbits
 310 0000 1E00 0000 		.long	0x1e
 311 0004 0200      		.word	0x2
 312 0006 0000 0000 		.long	.Ldebug_info0
 313 000a C000 0000 		.long	0xc0
 314 000e 7200 0000 		.long	0x72
 315 0012 5F64 656C 		.string	"_delay_us_m"
 315      6179 5F75 
 315      735F 6D00 
 316 001e 0000 0000 		.long	0x0
 317               		.section	.debug_aranges,"",@progbits
 318 0000 1C00 0000 		.long	0x1c
 319 0004 0200      		.word	0x2
 320 0006 0000 0000 		.long	.Ldebug_info0
 321 000a 04        		.byte	0x4
 322 000b 00        		.byte	0x0
 323 000c 0000      		.word	0x0
 324 000e 0000      		.word	0x0
 325 0010 0000 0000 		.long	.Ltext0
 326 0014 3800 0000 		.long	.Letext0-.Ltext0
 327 0018 0000 0000 		.long	0x0
 328 001c 0000 0000 		.long	0x0
 329               		.section	.debug_line
 330 0000 4400 0000 		.long	.LELT0-.LSLT0
 331               	.LSLT0:
 332 0004 0200      		.word	0x2
 333 0006 1C00 0000 		.long	.LELTP0-.LASLTP0
 334               	.LASLTP0:
 335 000a 01        		.byte	0x1
 336 000b 01        		.byte	0x1
 337 000c F6        		.byte	0xf6
 338 000d F5        		.byte	0xf5
 339 000e 0A        		.byte	0xa
 340 000f 00        		.byte	0x0
GAS LISTING C:\Users\ADMINI~1\AppData\Local\Temp/cckjZ8FL.s 			page 7


 341 0010 01        		.byte	0x1
 342 0011 01        		.byte	0x1
 343 0012 01        		.byte	0x1
 344 0013 01        		.byte	0x1
 345 0014 00        		.byte	0x0
 346 0015 00        		.byte	0x0
 347 0016 00        		.byte	0x0
 348 0017 01        		.byte	0x1
 349 0018 00        		.byte	0x0
 350 0019 7564 656C 		.string	"udelay.c"
 350      6179 2E63 
 350      00
 351 0022 00        		.uleb128 0x0
 352 0023 00        		.uleb128 0x0
 353 0024 00        		.uleb128 0x0
 354 0025 00        		.byte	0x0
 355               	.LELTP0:
 356 0026 00        		.byte	0x0
 357 0027 05        		.uleb128 0x5
 358 0028 02        		.byte	0x2
 359 0029 0000 0000 		.long	.LM1
 360 002d 18        		.byte	0x18
 361 002e 00        		.byte	0x0
 362 002f 05        		.uleb128 0x5
 363 0030 02        		.byte	0x2
 364 0031 0000 0000 		.long	.LM2
 365 0035 01        		.byte	0x1
 366 0036 00        		.byte	0x0
 367 0037 05        		.uleb128 0x5
 368 0038 02        		.byte	0x2
 369 0039 0000 0000 		.long	.LM3
 370 003d 1C        		.byte	0x1c
 371 003e 00        		.byte	0x0
 372 003f 05        		.uleb128 0x5
 373 0040 02        		.byte	0x2
 374 0041 0000 0000 		.long	.Letext0
 375 0045 00        		.byte	0x0
 376 0046 01        		.uleb128 0x1
 377 0047 01        		.byte	0x1
 378               	.LELT0:
 379 0048 1600 0000 		.section	.debug_str,"MS",@progbits,1
 379      0200 1000 
 379      0000 0101 
 379      FB0E 0A00 
 379      0101 0101 
 380               	.LASF7:
 381 0000 6C6F 6E67 		.string	"long long int"
 381      206C 6F6E 
 381      6720 696E 
 381      7400 
 382               	.LASF15:
 383 000e 7469 6D65 		.string	"time_us"
 383      5F75 7300 
 384               	.LASF8:
 385 0016 756E 7369 		.string	"unsigned int"
 385      676E 6564 
 385      2069 6E74 
GAS LISTING C:\Users\ADMINI~1\AppData\Local\Temp/cckjZ8FL.s 			page 8


 385      00
 386               	.LASF4:
 387 0023 6C6F 6E67 		.string	"long unsigned int"
 387      2075 6E73 
 387      6967 6E65 
 387      6420 696E 
 387      7400 
 388               	.LASF6:
 389 0035 6C6F 6E67 		.string	"long long unsigned int"
 389      206C 6F6E 
 389      6720 756E 
 389      7369 676E 
 389      6564 2069 
 390               	.LASF10:
 391 004c 6465 6C61 		.string	"delay_loops"
 391      795F 6C6F 
 391      6F70 7300 
 392               	.LASF13:
 393 0058 443A 5C67 		.string	"D:\\git2\\ps2avrU\\.git\\source"
 393      6974 325C 
 393      7073 3261 
 393      7672 555C 
 393      2E67 6974 
 394               	.LASF0:
 395 0074 756E 7369 		.string	"unsigned char"
 395      676E 6564 
 395      2063 6861 
 395      7200 
 396               	.LASF9:
 397 0082 6368 6172 		.string	"char"
 397      00
 398               	.LASF5:
 399 0087 6C6F 6E67 		.string	"long int"
 399      2069 6E74 
 399      00
 400               	.LASF12:
 401 0090 7564 656C 		.string	"udelay.c"
 401      6179 2E63 
 401      00
 402               	.LASF3:
 403 0099 7368 6F72 		.string	"short int"
 403      7420 696E 
 403      7400 
 404               	.LASF14:
 405 00a3 5F64 656C 		.string	"_delay_us_m"
 405      6179 5F75 
 405      735F 6D00 
 406               	.LASF2:
 407 00af 7368 6F72 		.string	"short unsigned int"
 407      7420 756E 
 407      7369 676E 
 407      6564 2069 
 407      6E74 00
 408               	.LASF1:
 409 00c2 7369 676E 		.string	"signed char"
 409      6564 2063 
 409      6861 7200 
GAS LISTING C:\Users\ADMINI~1\AppData\Local\Temp/cckjZ8FL.s 			page 9


 410               	.LASF11:
 411 00ce 474E 5520 		.string	"GNU C 4.3.3"
 411      4320 342E 
 411      332E 3300 
 412               	.global __do_clear_bss
GAS LISTING C:\Users\ADMINI~1\AppData\Local\Temp/cckjZ8FL.s 			page 10


DEFINED SYMBOLS
                            *ABS*:00000000 udelay.c
C:\Users\ADMINI~1\AppData\Local\Temp/cckjZ8FL.s:2      *ABS*:0000003f __SREG__
C:\Users\ADMINI~1\AppData\Local\Temp/cckjZ8FL.s:3      *ABS*:0000003e __SP_H__
C:\Users\ADMINI~1\AppData\Local\Temp/cckjZ8FL.s:4      *ABS*:0000003d __SP_L__
C:\Users\ADMINI~1\AppData\Local\Temp/cckjZ8FL.s:5      *ABS*:00000034 __CCP__
C:\Users\ADMINI~1\AppData\Local\Temp/cckjZ8FL.s:6      *ABS*:00000000 __tmp_reg__
C:\Users\ADMINI~1\AppData\Local\Temp/cckjZ8FL.s:7      *ABS*:00000001 __zero_reg__
C:\Users\ADMINI~1\AppData\Local\Temp/cckjZ8FL.s:18     .text:00000000 _delay_us_m
                             .bss:00000000 tmp

UNDEFINED SYMBOLS
__udivmodhi4
__mulsi3
__do_clear_bss
